Using pre-set license
Built from '2020.3/release' branch; Version is '2020.3.2f1 (8fd9074bf66c) revision 9427207'; Using compiler version '192528614'; Build Type 'Release'
OS: 'Windows 10 Home; OS build 19041.928; Version 2004; 64bit' Language: 'en' Physical Memory: 16111 MB
BatchMode: 1, IsHumanControllingUs: 0, StartBugReporterOnCrash: 0, Is64bit: 1, IsPro: 0

 COMMAND LINE ARGUMENTS:
C:\Program Files\Unity\Hub\Editor\2020.3.2f1\Editor\Unity.exe
-adb2
-batchMode
-noUpm
-name
AssetImportWorker0
-projectPath
C:/Users/samle/OneDrive/Documents/GitHub/MultiplayerFPS/MultiplayerFPS
-logFile
Logs/AssetImportWorker0.log
-srvPort
65339
Successfully changed project path to: C:/Users/samle/OneDrive/Documents/GitHub/MultiplayerFPS/MultiplayerFPS
C:/Users/samle/OneDrive/Documents/GitHub/MultiplayerFPS/MultiplayerFPS
Using Asset Import Pipeline V2.
Refreshing native plugins compatible for Editor in 37.10 ms, found 0 plugins.
Preloading 0 native plugins for Editor in 0.00 ms.
Initialize engine version: 2020.3.2f1 (8fd9074bf66c)
[Subsystems] Discovering subsystems at path C:/Program Files/Unity/Hub/Editor/2020.3.2f1/Editor/Data/Resources/UnitySubsystems
[Subsystems] Discovering subsystems at path C:/Users/samle/OneDrive/Documents/GitHub/MultiplayerFPS/MultiplayerFPS/Assets
GfxDevice: creating device client; threaded=0
Direct3D:
    Version:  Direct3D 11.0 [level 11.1]
    Renderer: NVIDIA GeForce GTX 1650 (ID=0x1f91)
    Vendor:   
    VRAM:     3964 MB
    Driver:   27.21.14.6109
Initialize mono
Mono path[0] = 'C:/Program Files/Unity/Hub/Editor/2020.3.2f1/Editor/Data/Managed'
Mono path[1] = 'C:/Program Files/Unity/Hub/Editor/2020.3.2f1/Editor/Data/MonoBleedingEdge/lib/mono/unityjit'
Mono config path = 'C:/Program Files/Unity/Hub/Editor/2020.3.2f1/Editor/Data/MonoBleedingEdge/etc'
Using monoOptions --debugger-agent=transport=dt_socket,embedding=1,server=y,suspend=n,address=127.0.0.1:56388
Begin MonoManager ReloadAssembly
Registering precompiled unity dll's ...
Register platform support module: C:/Program Files/Unity/Hub/Editor/2020.3.2f1/Editor/Data/PlaybackEngines/WindowsStandaloneSupport/UnityEditor.WindowsStandalone.Extensions.dll
Registered in 0.001727 seconds.
Native extension for WindowsStandalone target not found
Refreshing native plugins compatible for Editor in 33.13 ms, found 0 plugins.
Preloading 0 native plugins for Editor in 0.00 ms.
Invoked RoslynAnalysisRunner static constructor.
RoslynAnalysisRunner will not be running.
RoslynAnalysisRunner has terminated.
Mono: successfully reloaded assembly
- Completed reload, in  0.882 seconds
Platform modules already initialized, skipping
Registering precompiled user dll's ...
Registered in 0.000691 seconds.
Begin MonoManager ReloadAssembly
Native extension for WindowsStandalone target not found
Refreshing native plugins compatible for Editor in 0.33 ms, found 0 plugins.
Preloading 0 native plugins for Editor in 0.00 ms.
Invoked RoslynAnalysisRunner static constructor.
RoslynAnalysisRunner will not be running.
RoslynAnalysisRunner has terminated.
Mono: successfully reloaded assembly
- Completed reload, in  0.940 seconds
Platform modules already initialized, skipping
========================================================================
Worker process is ready to serve import requests
Launched and connected shader compiler UnityShaderCompiler.exe after 0.04 seconds
Refreshing native plugins compatible for Editor in 0.33 ms, found 0 plugins.
Preloading 0 native plugins for Editor in 0.00 ms.
Unloading 1892 Unused Serialized files (Serialized files now loaded: 0)
System memory in use before: 93.7 MB.
System memory in use after: 93.7 MB.

Unloading 109 unused Assets to reduce memory usage. Loaded Objects now: 2331.
Total: 2.551200 ms (FindLiveObjects: 0.253600 ms CreateObjectMapping: 0.155100 ms MarkObjects: 1.949800 ms  DeleteObjects: 0.191300 ms)

========================================================================
Received Import Request.
  path: Assets/Scripts/PlayerController.cs
  artifactKey: Guid(00050d08bb951b54e9661de9bd59507f) Importer(815301076,1909f56bfc062723c751e8b465ee728b)
Start importing Assets/Scripts/PlayerController.cs using Guid(00050d08bb951b54e9661de9bd59507f) Importer(815301076,1909f56bfc062723c751e8b465ee728b)  -> (artifact id: '7d4f4240fd0e705271aca1c49f00c057') in 0.028866 seconds
  Import took 0.031717 seconds .

========================================================================
Received Prepare
Refreshing native plugins compatible for Editor in 1.49 ms, found 0 plugins.
Preloading 0 native plugins for Editor in 0.00 ms.
Unloading 4 Unused Serialized files (Serialized files now loaded: 0)
System memory in use before: 50.8 MB.
System memory in use after: 50.8 MB.

Unloading 4 unused Assets to reduce memory usage. Loaded Objects now: 2331.
Total: 2.861000 ms (FindLiveObjects: 0.215900 ms CreateObjectMapping: 0.100600 ms MarkObjects: 2.465700 ms  DeleteObjects: 0.077400 ms)

========================================================================
Received Prepare
Registering precompiled user dll's ...
Registered in 0.000662 seconds.
Begin MonoManager ReloadAssembly
Native extension for WindowsStandalone target not found
Refreshing native plugins compatible for Editor in 0.34 ms, found 0 plugins.
Preloading 0 native plugins for Editor in 0.00 ms.
Warning: Annotation not found!
UnityEngine.StackTraceUtility:ExtractStackTrace ()
UnityEditor.ProBuilder.EditorUtility:SetGizmoIconEnabled (System.Type,bool) (at Library/PackageCache/com.unity.probuilder@4.5.0/Editor/EditorCore/EditorUtility.cs:593)
UnityEditor.ProBuilder.HierarchyListener:.cctor () (at Library/PackageCache/com.unity.probuilder@4.5.0/Editor/EditorCore/HierarchyListener.cs:21)
System.Runtime.CompilerServices.RuntimeHelpers:RunClassConstructor (System.RuntimeTypeHandle)
UnityEditor.EditorAssemblies:ProcessInitializeOnLoadAttributes (System.Type[])

[Library/PackageCache/com.unity.probuilder@4.5.0/Editor/EditorCore/EditorUtility.cs line 593]

Invoked RoslynAnalysisRunner static constructor.
RoslynAnalysisRunner will not be running.
RoslynAnalysisRunner has terminated.
Mono: successfully reloaded assembly
- Completed reload, in  0.845 seconds
Platform modules already initialized, skipping
Refreshing native plugins compatible for Editor in 0.34 ms, found 0 plugins.
Preloading 0 native plugins for Editor in 0.00 ms.
Unloading 1814 Unused Serialized files (Serialized files now loaded: 0)
System memory in use before: 87.0 MB.
System memory in use after: 87.0 MB.

Unloading 7 unused Assets to reduce memory usage. Loaded Objects now: 2334.
Total: 6.111700 ms (FindLiveObjects: 0.426700 ms CreateObjectMapping: 0.191100 ms MarkObjects: 5.272300 ms  DeleteObjects: 0.219200 ms)

========================================================================
Received Import Request.
  Time since last request: 745.039644 seconds.
  path: Assets/Prefabs/Guns/PlayerGuns/Pistol.prefab
  artifactKey: Guid(89f874f4d9f4a1643b0fb5d264f65c56) Importer(815301076,1909f56bfc062723c751e8b465ee728b)
Start importing Assets/Prefabs/Guns/PlayerGuns/Pistol.prefab using Guid(89f874f4d9f4a1643b0fb5d264f65c56) Importer(815301076,1909f56bfc062723c751e8b465ee728b)  -> (artifact id: '41d920d18541f7c75d768aad159de8b4') in 0.092951 seconds
  Import took 0.096214 seconds .

========================================================================
Received Prepare
Registering precompiled user dll's ...
Registered in 0.000759 seconds.
Begin MonoManager ReloadAssembly
Native extension for WindowsStandalone target not found
Refreshing native plugins compatible for Editor in 0.33 ms, found 0 plugins.
Preloading 0 native plugins for Editor in 0.00 ms.
Warning: Annotation not found!
UnityEngine.StackTraceUtility:ExtractStackTrace ()
UnityEditor.ProBuilder.EditorUtility:SetGizmoIconEnabled (System.Type,bool) (at Library/PackageCache/com.unity.probuilder@4.5.0/Editor/EditorCore/EditorUtility.cs:593)
UnityEditor.ProBuilder.HierarchyListener:.cctor () (at Library/PackageCache/com.unity.probuilder@4.5.0/Editor/EditorCore/HierarchyListener.cs:21)
System.Runtime.CompilerServices.RuntimeHelpers:RunClassConstructor (System.RuntimeTypeHandle)
UnityEditor.EditorAssemblies:ProcessInitializeOnLoadAttributes (System.Type[])

[Library/PackageCache/com.unity.probuilder@4.5.0/Editor/EditorCore/EditorUtility.cs line 593]

Invoked RoslynAnalysisRunner static constructor.
RoslynAnalysisRunner will not be running.
RoslynAnalysisRunner has terminated.
Mono: successfully reloaded assembly
- Completed reload, in  0.797 seconds
Platform modules already initialized, skipping
Refreshing native plugins compatible for Editor in 0.33 ms, found 0 plugins.
Preloading 0 native plugins for Editor in 0.00 ms.
Unloading 1814 Unused Serialized files (Serialized files now loaded: 0)
System memory in use before: 89.6 MB.
System memory in use after: 89.7 MB.

Unloading 7 unused Assets to reduce memory usage. Loaded Objects now: 2344.
Total: 2.032400 ms (FindLiveObjects: 0.147200 ms CreateObjectMapping: 0.052200 ms MarkObjects: 1.768900 ms  DeleteObjects: 0.063400 ms)

========================================================================
Received Import Request.
  Time since last request: 80.325408 seconds.
  path: Assets/Scripts/Gun.cs
  artifactKey: Guid(310597eb98969ea43be9f4c9cc8fba0e) Importer(815301076,1909f56bfc062723c751e8b465ee728b)
Start importing Assets/Scripts/Gun.cs using Guid(310597eb98969ea43be9f4c9cc8fba0e) Importer(815301076,1909f56bfc062723c751e8b465ee728b)  -> (artifact id: '8cf220d71a76920aba1d9beef52b2b56') in 0.008895 seconds
  Import took 0.012175 seconds .

========================================================================
Received Import Request.
  Time since last request: 0.022491 seconds.
  path: Assets/Scripts/Gun.cs
  artifactKey: Guid(310597eb98969ea43be9f4c9cc8fba0e) Importer(815301076,1909f56bfc062723c751e8b465ee728b)
Start importing Assets/Scripts/Gun.cs using Guid(310597eb98969ea43be9f4c9cc8fba0e) Importer(815301076,1909f56bfc062723c751e8b465ee728b)  -> (artifact id: '8cf220d71a76920aba1d9beef52b2b56') in 0.002443 seconds
  Import took 0.005755 seconds .

========================================================================
Received Prepare
Registering precompiled user dll's ...
Registered in 0.000806 seconds.
Begin MonoManager ReloadAssembly
Native extension for WindowsStandalone target not found
Refreshing native plugins compatible for Editor in 0.33 ms, found 0 plugins.
Preloading 0 native plugins for Editor in 0.00 ms.
Warning: Annotation not found!
UnityEngine.StackTraceUtility:ExtractStackTrace ()
UnityEditor.ProBuilder.EditorUtility:SetGizmoIconEnabled (System.Type,bool) (at Library/PackageCache/com.unity.probuilder@4.5.0/Editor/EditorCore/EditorUtility.cs:593)
UnityEditor.ProBuilder.HierarchyListener:.cctor () (at Library/PackageCache/com.unity.probuilder@4.5.0/Editor/EditorCore/HierarchyListener.cs:21)
System.Runtime.CompilerServices.RuntimeHelpers:RunClassConstructor (System.RuntimeTypeHandle)
UnityEditor.EditorAssemblies:ProcessInitializeOnLoadAttributes (System.Type[])

[Library/PackageCache/com.unity.probuilder@4.5.0/Editor/EditorCore/EditorUtility.cs line 593]

Invoked RoslynAnalysisRunner static constructor.
RoslynAnalysisRunner will not be running.
RoslynAnalysisRunner has terminated.
Mono: successfully reloaded assembly
- Completed reload, in  0.839 seconds
Platform modules already initialized, skipping
Refreshing native plugins compatible for Editor in 0.34 ms, found 0 plugins.
Preloading 0 native plugins for Editor in 0.00 ms.
Unloading 1814 Unused Serialized files (Serialized files now loaded: 0)
System memory in use before: 89.6 MB.
System memory in use after: 89.7 MB.

Unloading 7 unused Assets to reduce memory usage. Loaded Objects now: 2347.
Total: 6.683100 ms (FindLiveObjects: 0.437200 ms CreateObjectMapping: 0.243300 ms MarkObjects: 5.812300 ms  DeleteObjects: 0.187000 ms)

========================================================================
Received Import Request.
  Time since last request: 221.004368 seconds.
  path: Assets/Prefabs/Guns/PlayerGuns/Pistol.prefab
  artifactKey: Guid(89f874f4d9f4a1643b0fb5d264f65c56) Importer(815301076,1909f56bfc062723c751e8b465ee728b)
Start importing Assets/Prefabs/Guns/PlayerGuns/Pistol.prefab using Guid(89f874f4d9f4a1643b0fb5d264f65c56) Importer(815301076,1909f56bfc062723c751e8b465ee728b)  -> (artifact id: '2d62713ba49b17e893a38c6c48239696') in 0.053788 seconds
  Import took 0.057286 seconds .

========================================================================
Received Prepare
Registering precompiled user dll's ...
Registered in 0.000753 seconds.
Begin MonoManager ReloadAssembly
Native extension for WindowsStandalone target not found
Refreshing native plugins compatible for Editor in 0.33 ms, found 0 plugins.
Preloading 0 native plugins for Editor in 0.00 ms.
Warning: Annotation not found!
UnityEngine.StackTraceUtility:ExtractStackTrace ()
UnityEditor.ProBuilder.EditorUtility:SetGizmoIconEnabled (System.Type,bool) (at Library/PackageCache/com.unity.probuilder@4.5.0/Editor/EditorCore/EditorUtility.cs:593)
UnityEditor.ProBuilder.HierarchyListener:.cctor () (at Library/PackageCache/com.unity.probuilder@4.5.0/Editor/EditorCore/HierarchyListener.cs:21)
System.Runtime.CompilerServices.RuntimeHelpers:RunClassConstructor (System.RuntimeTypeHandle)
UnityEditor.EditorAssemblies:ProcessInitializeOnLoadAttributes (System.Type[])

[Library/PackageCache/com.unity.probuilder@4.5.0/Editor/EditorCore/EditorUtility.cs line 593]

Invoked RoslynAnalysisRunner static constructor.
RoslynAnalysisRunner will not be running.
RoslynAnalysisRunner has terminated.
Mono: successfully reloaded assembly
- Completed reload, in  0.846 seconds
Platform modules already initialized, skipping
Refreshing native plugins compatible for Editor in 0.34 ms, found 0 plugins.
Preloading 0 native plugins for Editor in 0.00 ms.
Unloading 1814 Unused Serialized files (Serialized files now loaded: 0)
System memory in use before: 89.6 MB.
System memory in use after: 89.7 MB.

Unloading 7 unused Assets to reduce memory usage. Loaded Objects now: 2351.
Total: 6.783000 ms (FindLiveObjects: 0.487400 ms CreateObjectMapping: 0.234200 ms MarkObjects: 5.902100 ms  DeleteObjects: 0.156900 ms)

========================================================================
Received Prepare
Registering precompiled user dll's ...
Registered in 0.000939 seconds.
Begin MonoManager ReloadAssembly
Native extension for WindowsStandalone target not found
Refreshing native plugins compatible for Editor in 0.33 ms, found 0 plugins.
Preloading 0 native plugins for Editor in 0.00 ms.
Warning: Annotation not found!
UnityEngine.StackTraceUtility:ExtractStackTrace ()
UnityEditor.ProBuilder.EditorUtility:SetGizmoIconEnabled (System.Type,bool) (at Library/PackageCache/com.unity.probuilder@4.5.0/Editor/EditorCore/EditorUtility.cs:593)
UnityEditor.ProBuilder.HierarchyListener:.cctor () (at Library/PackageCache/com.unity.probuilder@4.5.0/Editor/EditorCore/HierarchyListener.cs:21)
System.Runtime.CompilerServices.RuntimeHelpers:RunClassConstructor (System.RuntimeTypeHandle)
UnityEditor.EditorAssemblies:ProcessInitializeOnLoadAttributes (System.Type[])

[Library/PackageCache/com.unity.probuilder@4.5.0/Editor/EditorCore/EditorUtility.cs line 593]

Invoked RoslynAnalysisRunner static constructor.
RoslynAnalysisRunner will not be running.
RoslynAnalysisRunner has terminated.
Mono: successfully reloaded assembly
- Completed reload, in  0.863 seconds
Platform modules already initialized, skipping
Refreshing native plugins compatible for Editor in 0.34 ms, found 0 plugins.
Preloading 0 native plugins for Editor in 0.00 ms.
Unloading 1814 Unused Serialized files (Serialized files now loaded: 0)
System memory in use before: 89.7 MB.
System memory in use after: 89.7 MB.

Unloading 7 unused Assets to reduce memory usage. Loaded Objects now: 2354.
Total: 2.382800 ms (FindLiveObjects: 0.186100 ms CreateObjectMapping: 0.087200 ms MarkObjects: 2.022000 ms  DeleteObjects: 0.086300 ms)

========================================================================
Received Prepare
Registering precompiled user dll's ...
Registered in 0.000806 seconds.
Begin MonoManager ReloadAssembly
Native extension for WindowsStandalone target not found
Refreshing native plugins compatible for Editor in 0.52 ms, found 0 plugins.
Preloading 0 native plugins for Editor in 0.00 ms.
Warning: Annotation not found!
UnityEngine.StackTraceUtility:ExtractStackTrace ()
UnityEditor.ProBuilder.EditorUtility:SetGizmoIconEnabled (System.Type,bool) (at Library/PackageCache/com.unity.probuilder@4.5.0/Editor/EditorCore/EditorUtility.cs:593)
UnityEditor.ProBuilder.HierarchyListener:.cctor () (at Library/PackageCache/com.unity.probuilder@4.5.0/Editor/EditorCore/HierarchyListener.cs:21)
System.Runtime.CompilerServices.RuntimeHelpers:RunClassConstructor (System.RuntimeTypeHandle)
UnityEditor.EditorAssemblies:ProcessInitializeOnLoadAttributes (System.Type[])

[Library/PackageCache/com.unity.probuilder@4.5.0/Editor/EditorCore/EditorUtility.cs line 593]

Invoked RoslynAnalysisRunner static constructor.
RoslynAnalysisRunner will not be running.
RoslynAnalysisRunner has terminated.
Mono: successfully reloaded assembly
- Completed reload, in  1.037 seconds
Platform modules already initialized, skipping
Refreshing native plugins compatible for Editor in 0.99 ms, found 0 plugins.
Preloading 0 native plugins for Editor in 0.00 ms.
Unloading 1814 Unused Serialized files (Serialized files now loaded: 0)
System memory in use before: 89.7 MB.
System memory in use after: 89.7 MB.

Unloading 7 unused Assets to reduce memory usage. Loaded Objects now: 2357.
Total: 2.770200 ms (FindLiveObjects: 0.373000 ms CreateObjectMapping: 0.108500 ms MarkObjects: 2.209000 ms  DeleteObjects: 0.078300 ms)

========================================================================
Received Prepare
Registering precompiled user dll's ...
Registered in 0.000727 seconds.
Begin MonoManager ReloadAssembly
Native extension for WindowsStandalone target not found
Refreshing native plugins compatible for Editor in 0.32 ms, found 0 plugins.
Preloading 0 native plugins for Editor in 0.00 ms.
Warning: Annotation not found!
UnityEngine.StackTraceUtility:ExtractStackTrace ()
UnityEditor.ProBuilder.EditorUtility:SetGizmoIconEnabled (System.Type,bool) (at Library/PackageCache/com.unity.probuilder@4.5.0/Editor/EditorCore/EditorUtility.cs:593)
UnityEditor.ProBuilder.HierarchyListener:.cctor () (at Library/PackageCache/com.unity.probuilder@4.5.0/Editor/EditorCore/HierarchyListener.cs:21)
System.Runtime.CompilerServices.RuntimeHelpers:RunClassConstructor (System.RuntimeTypeHandle)
UnityEditor.EditorAssemblies:ProcessInitializeOnLoadAttributes (System.Type[])

[Library/PackageCache/com.unity.probuilder@4.5.0/Editor/EditorCore/EditorUtility.cs line 593]

Invoked RoslynAnalysisRunner static constructor.
RoslynAnalysisRunner will not be running.
RoslynAnalysisRunner has terminated.
Mono: successfully reloaded assembly
- Completed reload, in  0.814 seconds
Platform modules already initialized, skipping
Refreshing native plugins compatible for Editor in 0.33 ms, found 0 plugins.
Preloading 0 native plugins for Editor in 0.00 ms.
Unloading 1814 Unused Serialized files (Serialized files now loaded: 0)
System memory in use before: 89.7 MB.
System memory in use after: 89.7 MB.

Unloading 7 unused Assets to reduce memory usage. Loaded Objects now: 2360.
Total: 2.159600 ms (FindLiveObjects: 0.164700 ms CreateObjectMapping: 0.068000 ms MarkObjects: 1.837600 ms  DeleteObjects: 0.088700 ms)

========================================================================
Received Prepare
Registering precompiled user dll's ...
Registered in 0.000746 seconds.
Begin MonoManager ReloadAssembly
Native extension for WindowsStandalone target not found
Refreshing native plugins compatible for Editor in 0.34 ms, found 0 plugins.
Preloading 0 native plugins for Editor in 0.00 ms.
Warning: Annotation not found!
UnityEngine.StackTraceUtility:ExtractStackTrace ()
UnityEditor.ProBuilder.EditorUtility:SetGizmoIconEnabled (System.Type,bool) (at Library/PackageCache/com.unity.probuilder@4.5.0/Editor/EditorCore/EditorUtility.cs:593)
UnityEditor.ProBuilder.HierarchyListener:.cctor () (at Library/PackageCache/com.unity.probuilder@4.5.0/Editor/EditorCore/HierarchyListener.cs:21)
System.Runtime.CompilerServices.RuntimeHelpers:RunClassConstructor (System.RuntimeTypeHandle)
UnityEditor.EditorAssemblies:ProcessInitializeOnLoadAttributes (System.Type[])

[Library/PackageCache/com.unity.probuilder@4.5.0/Editor/EditorCore/EditorUtility.cs line 593]

Invoked RoslynAnalysisRunner static constructor.
RoslynAnalysisRunner will not be running.
RoslynAnalysisRunner has terminated.
Mono: successfully reloaded assembly
- Completed reload, in  0.835 seconds
Platform modules already initialized, skipping
Refreshing native plugins compatible for Editor in 0.33 ms, found 0 plugins.
Preloading 0 native plugins for Editor in 0.00 ms.
Unloading 1814 Unused Serialized files (Serialized files now loaded: 0)
System memory in use before: 89.7 MB.
System memory in use after: 89.7 MB.

Unloading 7 unused Assets to reduce memory usage. Loaded Objects now: 2363.
Total: 6.997000 ms (FindLiveObjects: 0.444300 ms CreateObjectMapping: 0.230200 ms MarkObjects: 6.086300 ms  DeleteObjects: 0.233800 ms)

========================================================================
Received Import Request.
  Time since last request: 450.543351 seconds.
  path: Assets/Prefabs/Guns/PlayerGuns/OldGuns
  artifactKey: Guid(597db4674ae342049bce126804329de6) Importer(815301076,1909f56bfc062723c751e8b465ee728b)
Start importing Assets/Prefabs/Guns/PlayerGuns/OldGuns using Guid(597db4674ae342049bce126804329de6) Importer(815301076,1909f56bfc062723c751e8b465ee728b)  -> (artifact id: '49584092799e6eb75505296dbe6738ea') in 0.020767 seconds
  Import took 0.027629 seconds .

========================================================================
Received Import Request.
  Time since last request: 21.831154 seconds.
  path: Assets/Prefabs/Guns/PlayerGuns/Machinegun.prefab
  artifactKey: Guid(7089d05dd586cb8458a5c9cfe8906e47) Importer(815301076,1909f56bfc062723c751e8b465ee728b)
Start importing Assets/Prefabs/Guns/PlayerGuns/Machinegun.prefab using Guid(7089d05dd586cb8458a5c9cfe8906e47) Importer(815301076,1909f56bfc062723c751e8b465ee728b)  -> (artifact id: '4df5386db5bd74aab1362af54e2dfb30') in 0.057488 seconds
  Import took 0.060653 seconds .

========================================================================
Received Import Request.
  Time since last request: 1.169304 seconds.
  path: Assets/Prefabs/Guns/PlayerGuns/Pistol.prefab
  artifactKey: Guid(89f874f4d9f4a1643b0fb5d264f65c56) Importer(815301076,1909f56bfc062723c751e8b465ee728b)
Start importing Assets/Prefabs/Guns/PlayerGuns/Pistol.prefab using Guid(89f874f4d9f4a1643b0fb5d264f65c56) Importer(815301076,1909f56bfc062723c751e8b465ee728b)  -> (artifact id: '057c7936bb53195d737d81e81eaa6e1d') in 0.016844 seconds
  Import took 0.020331 seconds .

========================================================================
Received Import Request.
  Time since last request: 6.016437 seconds.
  path: Assets/Prefabs/Guns/PlayerGuns/MachinePistol.prefab
  artifactKey: Guid(ed4a7148b68d52240adfdf0634862e33) Importer(815301076,1909f56bfc062723c751e8b465ee728b)
Start importing Assets/Prefabs/Guns/PlayerGuns/MachinePistol.prefab using Guid(ed4a7148b68d52240adfdf0634862e33) Importer(815301076,1909f56bfc062723c751e8b465ee728b)  -> (artifact id: '53e15bc6d7502043646ab5c1611cfa9c') in 0.034630 seconds
  Import took 0.038626 seconds .

========================================================================
Received Prepare
Registering precompiled user dll's ...
Registered in 0.000900 seconds.
Begin MonoManager ReloadAssembly
Native extension for WindowsStandalone target not found
Refreshing native plugins compatible for Editor in 0.40 ms, found 0 plugins.
Preloading 0 native plugins for Editor in 0.00 ms.
Warning: Annotation not found!
UnityEngine.StackTraceUtility:ExtractStackTrace ()
UnityEditor.ProBuilder.EditorUtility:SetGizmoIconEnabled (System.Type,bool) (at Library/PackageCache/com.unity.probuilder@4.5.0/Editor/EditorCore/EditorUtility.cs:593)
UnityEditor.ProBuilder.HierarchyListener:.cctor () (at Library/PackageCache/com.unity.probuilder@4.5.0/Editor/EditorCore/HierarchyListener.cs:21)
System.Runtime.CompilerServices.RuntimeHelpers:RunClassConstructor (System.RuntimeTypeHandle)
UnityEditor.EditorAssemblies:ProcessInitializeOnLoadAttributes (System.Type[])

[Library/PackageCache/com.unity.probuilder@4.5.0/Editor/EditorCore/EditorUtility.cs line 593]

Invoked RoslynAnalysisRunner static constructor.
RoslynAnalysisRunner will not be running.
RoslynAnalysisRunner has terminated.
Mono: successfully reloaded assembly
- Completed reload, in  0.969 seconds
Platform modules already initialized, skipping
Refreshing native plugins compatible for Editor in 0.36 ms, found 0 plugins.
Preloading 0 native plugins for Editor in 0.00 ms.
Unloading 1814 Unused Serialized files (Serialized files now loaded: 0)
System memory in use before: 89.7 MB.
System memory in use after: 89.8 MB.

Unloading 7 unused Assets to reduce memory usage. Loaded Objects now: 2368.
Total: 2.768500 ms (FindLiveObjects: 0.200200 ms CreateObjectMapping: 0.067200 ms MarkObjects: 2.422400 ms  DeleteObjects: 0.077700 ms)

========================================================================
Received Import Request.
  Time since last request: 8260.407174 seconds.
  path: Assets/Prefabs/Guns/PlayerGuns/Shotgun.prefab
  artifactKey: Guid(60ca6576bc0be674a9e1055ecc2fd887) Importer(815301076,1909f56bfc062723c751e8b465ee728b)
Start importing Assets/Prefabs/Guns/PlayerGuns/Shotgun.prefab using Guid(60ca6576bc0be674a9e1055ecc2fd887) Importer(815301076,1909f56bfc062723c751e8b465ee728b)  -> (artifact id: 'ed9517d7b1cde101f9d793f115ea98a7') in 0.075706 seconds
  Import took 0.079369 seconds .

========================================================================
Received Import Request.
  Time since last request: 243.035352 seconds.
  path: Assets/Prefabs/Guns/PlayerGuns/MachinePistol.prefab
  artifactKey: Guid(ed4a7148b68d52240adfdf0634862e33) Importer(815301076,1909f56bfc062723c751e8b465ee728b)
Start importing Assets/Prefabs/Guns/PlayerGuns/MachinePistol.prefab using Guid(ed4a7148b68d52240adfdf0634862e33) Importer(815301076,1909f56bfc062723c751e8b465ee728b)  -> (artifact id: '5fbcef02887c27f6378e3f2f62508146') in 0.019608 seconds
  Import took 0.023027 seconds .

========================================================================
Received Import Request.
  Time since last request: 0.012424 seconds.
  path: Assets/Prefabs/Guns/PlayerGuns/MachinePistol.prefab
  artifactKey: Guid(ed4a7148b68d52240adfdf0634862e33) Importer(815301076,1909f56bfc062723c751e8b465ee728b)
Start importing Assets/Prefabs/Guns/PlayerGuns/MachinePistol.prefab using Guid(ed4a7148b68d52240adfdf0634862e33) Importer(815301076,1909f56bfc062723c751e8b465ee728b)  -> (artifact id: '5fbcef02887c27f6378e3f2f62508146') in 0.013615 seconds
  Import took 0.017363 seconds .

========================================================================
Received Import Request.
  Time since last request: 6.618866 seconds.
  path: Assets/Prefabs/Guns/PlayerGuns/Shotgun.prefab
  artifactKey: Guid(60ca6576bc0be674a9e1055ecc2fd887) Importer(815301076,1909f56bfc062723c751e8b465ee728b)
Start importing Assets/Prefabs/Guns/PlayerGuns/Shotgun.prefab using Guid(60ca6576bc0be674a9e1055ecc2fd887) Importer(815301076,1909f56bfc062723c751e8b465ee728b)  -> (artifact id: '58ebaf7ca4aef4e1c7b1cc3bfb094ab4') in 0.016269 seconds
  Import took 0.019809 seconds .

========================================================================
Received Import Request.
  Time since last request: 5.373073 seconds.
  path: Assets/Prefabs/Guns/PlayerGuns/Machinegun.prefab
  artifactKey: Guid(7089d05dd586cb8458a5c9cfe8906e47) Importer(815301076,1909f56bfc062723c751e8b465ee728b)
Start importing Assets/Prefabs/Guns/PlayerGuns/Machinegun.prefab using Guid(7089d05dd586cb8458a5c9cfe8906e47) Importer(815301076,1909f56bfc062723c751e8b465ee728b)  -> (artifact id: 'ee471d3428d3ecf4e772d6cdfe3e535c') in 0.018699 seconds
  Import took 0.022463 seconds .

========================================================================
Received Import Request.
  Time since last request: 0.004082 seconds.
  path: Assets/Prefabs/Guns/PlayerGuns/Machinegun.prefab
  artifactKey: Guid(7089d05dd586cb8458a5c9cfe8906e47) Importer(815301076,1909f56bfc062723c751e8b465ee728b)
Start importing Assets/Prefabs/Guns/PlayerGuns/Machinegun.prefab using Guid(7089d05dd586cb8458a5c9cfe8906e47) Importer(815301076,1909f56bfc062723c751e8b465ee728b)  -> (artifact id: 'ee471d3428d3ecf4e772d6cdfe3e535c') in 0.020088 seconds
  Import took 0.023865 seconds .

========================================================================
Received Prepare
Registering precompiled user dll's ...
Registered in 0.000808 seconds.
Begin MonoManager ReloadAssembly
Native extension for WindowsStandalone target not found
Refreshing native plugins compatible for Editor in 0.34 ms, found 0 plugins.
Preloading 0 native plugins for Editor in 0.00 ms.
Warning: Annotation not found!
UnityEngine.StackTraceUtility:ExtractStackTrace ()
UnityEditor.ProBuilder.EditorUtility:SetGizmoIconEnabled (System.Type,bool) (at Library/PackageCache/com.unity.probuilder@4.5.0/Editor/EditorCore/EditorUtility.cs:593)
UnityEditor.ProBuilder.HierarchyListener:.cctor () (at Library/PackageCache/com.unity.probuilder@4.5.0/Editor/EditorCore/HierarchyListener.cs:21)
System.Runtime.CompilerServices.RuntimeHelpers:RunClassConstructor (System.RuntimeTypeHandle)
UnityEditor.EditorAssemblies:ProcessInitializeOnLoadAttributes (System.Type[])

[Library/PackageCache/com.unity.probuilder@4.5.0/Editor/EditorCore/EditorUtility.cs line 593]

Invoked RoslynAnalysisRunner static constructor.
RoslynAnalysisRunner will not be running.
RoslynAnalysisRunner has terminated.
Mono: successfully reloaded assembly
- Completed reload, in  0.855 seconds
Platform modules already initialized, skipping
Refreshing native plugins compatible for Editor in 0.33 ms, found 0 plugins.
Preloading 0 native plugins for Editor in 0.00 ms.
Unloading 1814 Unused Serialized files (Serialized files now loaded: 0)
System memory in use before: 90.0 MB.
System memory in use after: 90.0 MB.

Unloading 7 unused Assets to reduce memory usage. Loaded Objects now: 2372.
Total: 6.714900 ms (FindLiveObjects: 0.462800 ms CreateObjectMapping: 0.220500 ms MarkObjects: 5.800300 ms  DeleteObjects: 0.228500 ms)

========================================================================
Received Import Request.
  Time since last request: 14.034263 seconds.
  path: Assets/Prefabs/Guns/PlayerGuns/Machinegun.prefab
  artifactKey: Guid(7089d05dd586cb8458a5c9cfe8906e47) Importer(815301076,1909f56bfc062723c751e8b465ee728b)
Start importing Assets/Prefabs/Guns/PlayerGuns/Machinegun.prefab using Guid(7089d05dd586cb8458a5c9cfe8906e47) Importer(815301076,1909f56bfc062723c751e8b465ee728b)  -> (artifact id: '7da5b6c65e701b56395b87fc41912f15') in 0.070245 seconds
  Import took 0.076678 seconds .

========================================================================
Received Prepare
Registering precompiled user dll's ...
Registered in 0.000695 seconds.
Begin MonoManager ReloadAssembly
Native extension for WindowsStandalone target not found
Refreshing native plugins compatible for Editor in 0.34 ms, found 0 plugins.
Preloading 0 native plugins for Editor in 0.00 ms.
Warning: Annotation not found!
UnityEngine.StackTraceUtility:ExtractStackTrace ()
UnityEditor.ProBuilder.EditorUtility:SetGizmoIconEnabled (System.Type,bool) (at Library/PackageCache/com.unity.probuilder@4.5.0/Editor/EditorCore/EditorUtility.cs:593)
UnityEditor.ProBuilder.HierarchyListener:.cctor () (at Library/PackageCache/com.unity.probuilder@4.5.0/Editor/EditorCore/HierarchyListener.cs:21)
System.Runtime.CompilerServices.RuntimeHelpers:RunClassConstructor (System.RuntimeTypeHandle)
UnityEditor.EditorAssemblies:ProcessInitializeOnLoadAttributes (System.Type[])

[Library/PackageCache/com.unity.probuilder@4.5.0/Editor/EditorCore/EditorUtility.cs line 593]

Invoked RoslynAnalysisRunner static constructor.
RoslynAnalysisRunner will not be running.
RoslynAnalysisRunner has terminated.
Mono: successfully reloaded assembly
- Completed reload, in  0.857 seconds
Platform modules already initialized, skipping
Refreshing native plugins compatible for Editor in 0.36 ms, found 0 plugins.
Preloading 0 native plugins for Editor in 0.00 ms.
Unloading 1814 Unused Serialized files (Serialized files now loaded: 0)
System memory in use before: 90.0 MB.
System memory in use after: 90.0 MB.

Unloading 7 unused Assets to reduce memory usage. Loaded Objects now: 2376.
Total: 4.010900 ms (FindLiveObjects: 0.580800 ms CreateObjectMapping: 0.495500 ms MarkObjects: 2.830500 ms  DeleteObjects: 0.102700 ms)

========================================================================
Received Import Request.
  Time since last request: 12.230674 seconds.
  path: Assets/Prefabs/Guns/PlayerGuns/Shotgun.prefab
  artifactKey: Guid(60ca6576bc0be674a9e1055ecc2fd887) Importer(815301076,1909f56bfc062723c751e8b465ee728b)
Start importing Assets/Prefabs/Guns/PlayerGuns/Shotgun.prefab using Guid(60ca6576bc0be674a9e1055ecc2fd887) Importer(815301076,1909f56bfc062723c751e8b465ee728b)  -> (artifact id: '830e709d8075840b71965faff2057850') in 0.054365 seconds
  Import took 0.059204 seconds .

========================================================================
Received Import Request.
  Time since last request: 0.000499 seconds.
  path: Assets/Prefabs/Guns/PlayerGuns/Shotgun.prefab
  artifactKey: Guid(60ca6576bc0be674a9e1055ecc2fd887) Importer(815301076,1909f56bfc062723c751e8b465ee728b)
Start importing Assets/Prefabs/Guns/PlayerGuns/Shotgun.prefab using Guid(60ca6576bc0be674a9e1055ecc2fd887) Importer(815301076,1909f56bfc062723c751e8b465ee728b)  -> (artifact id: '830e709d8075840b71965faff2057850') in 0.014714 seconds
  Import took 0.018941 seconds .

========================================================================
Received Import Request.
  Time since last request: 19.747620 seconds.
  path: Assets/Prefabs/Guns/PlayerGuns/Shotgun.prefab
  artifactKey: Guid(60ca6576bc0be674a9e1055ecc2fd887) Importer(815301076,1909f56bfc062723c751e8b465ee728b)
Start importing Assets/Prefabs/Guns/PlayerGuns/Shotgun.prefab using Guid(60ca6576bc0be674a9e1055ecc2fd887) Importer(815301076,1909f56bfc062723c751e8b465ee728b)  -> (artifact id: '43193a3b22942673ac620b7482e367dc') in 0.013884 seconds
  Import took 0.017909 seconds .

========================================================================
Received Import Request.
  Time since last request: 6.706108 seconds.
  path: Assets/Prefabs/Guns/PlayerGuns/Shotgun.prefab
  artifactKey: Guid(60ca6576bc0be674a9e1055ecc2fd887) Importer(815301076,1909f56bfc062723c751e8b465ee728b)
Start importing Assets/Prefabs/Guns/PlayerGuns/Shotgun.prefab using Guid(60ca6576bc0be674a9e1055ecc2fd887) Importer(815301076,1909f56bfc062723c751e8b465ee728b)  -> (artifact id: '5858ad1b3be828e03a808006a284f14f') in 0.015256 seconds
  Import took 0.019547 seconds .

========================================================================
Received Import Request.
  Time since last request: 13.021260 seconds.
  path: Assets/Prefabs/Guns/PlayerGuns/Shotgun.prefab
  artifactKey: Guid(60ca6576bc0be674a9e1055ecc2fd887) Importer(815301076,1909f56bfc062723c751e8b465ee728b)
Start importing Assets/Prefabs/Guns/PlayerGuns/Shotgun.prefab using Guid(60ca6576bc0be674a9e1055ecc2fd887) Importer(815301076,1909f56bfc062723c751e8b465ee728b)  -> (artifact id: '5f7dca2b4d1ae4747d9a806a25cd9fee') in 0.014220 seconds
  Import took 0.019652 seconds .

========================================================================
Received Import Request.
  Time since last request: 26.555644 seconds.
  path: Assets/Prefabs/Guns/PlayerGuns/Machinegun.prefab
  artifactKey: Guid(7089d05dd586cb8458a5c9cfe8906e47) Importer(815301076,1909f56bfc062723c751e8b465ee728b)
Start importing Assets/Prefabs/Guns/PlayerGuns/Machinegun.prefab using Guid(7089d05dd586cb8458a5c9cfe8906e47) Importer(815301076,1909f56bfc062723c751e8b465ee728b)  -> (artifact id: '160110db4a804501296ae4a0322e6a6f') in 0.015886 seconds
  Import took 0.020182 seconds .

========================================================================
Received Prepare
Registering precompiled user dll's ...
Registered in 0.000988 seconds.
Begin MonoManager ReloadAssembly
Native extension for WindowsStandalone target not found
Refreshing native plugins compatible for Editor in 0.34 ms, found 0 plugins.
Preloading 0 native plugins for Editor in 0.00 ms.
Warning: Annotation not found!
UnityEngine.StackTraceUtility:ExtractStackTrace ()
UnityEditor.ProBuilder.EditorUtility:SetGizmoIconEnabled (System.Type,bool) (at Library/PackageCache/com.unity.probuilder@4.5.0/Editor/EditorCore/EditorUtility.cs:593)
UnityEditor.ProBuilder.HierarchyListener:.cctor () (at Library/PackageCache/com.unity.probuilder@4.5.0/Editor/EditorCore/HierarchyListener.cs:21)
System.Runtime.CompilerServices.RuntimeHelpers:RunClassConstructor (System.RuntimeTypeHandle)
UnityEditor.EditorAssemblies:ProcessInitializeOnLoadAttributes (System.Type[])

[Library/PackageCache/com.unity.probuilder@4.5.0/Editor/EditorCore/EditorUtility.cs line 593]

Invoked RoslynAnalysisRunner static constructor.
RoslynAnalysisRunner will not be running.
RoslynAnalysisRunner has terminated.
Mono: successfully reloaded assembly
- Completed reload, in  0.860 seconds
Platform modules already initialized, skipping
Refreshing native plugins compatible for Editor in 0.34 ms, found 0 plugins.
Preloading 0 native plugins for Editor in 0.00 ms.
Unloading 1814 Unused Serialized files (Serialized files now loaded: 0)
System memory in use before: 90.0 MB.
System memory in use after: 90.1 MB.

Unloading 7 unused Assets to reduce memory usage. Loaded Objects now: 2380.
Total: 8.734300 ms (FindLiveObjects: 0.412900 ms CreateObjectMapping: 1.760500 ms MarkObjects: 6.335500 ms  DeleteObjects: 0.222500 ms)

========================================================================
Received Import Request.
  Time since last request: 86.517034 seconds.
  path: Assets/Prefabs/Guns/PlayerGuns/Pistol.prefab
  artifactKey: Guid(89f874f4d9f4a1643b0fb5d264f65c56) Importer(815301076,1909f56bfc062723c751e8b465ee728b)
Start importing Assets/Prefabs/Guns/PlayerGuns/Pistol.prefab using Guid(89f874f4d9f4a1643b0fb5d264f65c56) Importer(815301076,1909f56bfc062723c751e8b465ee728b)  -> (artifact id: '776ccafbdfb519c76e60e935857369f5') in 0.068511 seconds
  Import took 0.072112 seconds .

========================================================================
Received Import Request.
  Time since last request: 5.170753 seconds.
  path: Assets/Prefabs/Guns/PlayerGuns/MachinePistol.prefab
  artifactKey: Guid(ed4a7148b68d52240adfdf0634862e33) Importer(815301076,1909f56bfc062723c751e8b465ee728b)
Start importing Assets/Prefabs/Guns/PlayerGuns/MachinePistol.prefab using Guid(ed4a7148b68d52240adfdf0634862e33) Importer(815301076,1909f56bfc062723c751e8b465ee728b)  -> (artifact id: '38c8d93f452fe2e1316407a7fef0e243') in 0.018746 seconds
  Import took 0.023916 seconds .

========================================================================
Received Import Request.
  Time since last request: 5.028140 seconds.
  path: Assets/Prefabs/Guns/PlayerGuns/Shotgun.prefab
  artifactKey: Guid(60ca6576bc0be674a9e1055ecc2fd887) Importer(815301076,1909f56bfc062723c751e8b465ee728b)
Start importing Assets/Prefabs/Guns/PlayerGuns/Shotgun.prefab using Guid(60ca6576bc0be674a9e1055ecc2fd887) Importer(815301076,1909f56bfc062723c751e8b465ee728b)  -> (artifact id: 'ff553adedb4eb8232bcd73909d19671f') in 0.014403 seconds
  Import took 0.017938 seconds .

========================================================================
Received Import Request.
  Time since last request: 2.443273 seconds.
  path: Assets/Prefabs/Guns/PlayerGuns/Machinegun.prefab
  artifactKey: Guid(7089d05dd586cb8458a5c9cfe8906e47) Importer(815301076,1909f56bfc062723c751e8b465ee728b)
Start importing Assets/Prefabs/Guns/PlayerGuns/Machinegun.prefab using Guid(7089d05dd586cb8458a5c9cfe8906e47) Importer(815301076,1909f56bfc062723c751e8b465ee728b)  -> (artifact id: 'a69a1a2227184cd9f85561f405f9f22e') in 0.017036 seconds
  Import took 0.021108 seconds .

========================================================================
Received Prepare
Registering precompiled user dll's ...
Registered in 0.000698 seconds.
Begin MonoManager ReloadAssembly
Native extension for WindowsStandalone target not found
Refreshing native plugins compatible for Editor in 0.33 ms, found 0 plugins.
Preloading 0 native plugins for Editor in 0.00 ms.
Warning: Annotation not found!
UnityEngine.StackTraceUtility:ExtractStackTrace ()
UnityEditor.ProBuilder.EditorUtility:SetGizmoIconEnabled (System.Type,bool) (at Library/PackageCache/com.unity.probuilder@4.5.0/Editor/EditorCore/EditorUtility.cs:593)
UnityEditor.ProBuilder.HierarchyListener:.cctor () (at Library/PackageCache/com.unity.probuilder@4.5.0/Editor/EditorCore/HierarchyListener.cs:21)
System.Runtime.CompilerServices.RuntimeHelpers:RunClassConstructor (System.RuntimeTypeHandle)
UnityEditor.EditorAssemblies:ProcessInitializeOnLoadAttributes (System.Type[])

[Library/PackageCache/com.unity.probuilder@4.5.0/Editor/EditorCore/EditorUtility.cs line 593]

Invoked RoslynAnalysisRunner static constructor.
RoslynAnalysisRunner will not be running.
RoslynAnalysisRunner has terminated.
Mono: successfully reloaded assembly
- Completed reload, in  0.851 seconds
Platform modules already initialized, skipping
Refreshing native plugins compatible for Editor in 0.33 ms, found 0 plugins.
Preloading 0 native plugins for Editor in 0.00 ms.
Unloading 1814 Unused Serialized files (Serialized files now loaded: 0)
System memory in use before: 90.0 MB.
System memory in use after: 90.1 MB.

Unloading 7 unused Assets to reduce memory usage. Loaded Objects now: 2384.
Total: 2.106000 ms (FindLiveObjects: 0.170600 ms CreateObjectMapping: 0.063000 ms MarkObjects: 1.799700 ms  DeleteObjects: 0.071700 ms)

========================================================================
Received Import Request.
  Time since last request: 8.305553 seconds.
  path: Assets/Prefabs/Guns/PlayerGuns/Machinegun.prefab
  artifactKey: Guid(7089d05dd586cb8458a5c9cfe8906e47) Importer(815301076,1909f56bfc062723c751e8b465ee728b)
Start importing Assets/Prefabs/Guns/PlayerGuns/Machinegun.prefab using Guid(7089d05dd586cb8458a5c9cfe8906e47) Importer(815301076,1909f56bfc062723c751e8b465ee728b)  -> (artifact id: '666360ca7cd8fb9b92da6af6ba3c22e7') in 0.060393 seconds
  Import took 0.064089 seconds .

========================================================================
Received Prepare
Registering precompiled user dll's ...
Registered in 0.000730 seconds.
Begin MonoManager ReloadAssembly
Native extension for WindowsStandalone target not found
Refreshing native plugins compatible for Editor in 0.41 ms, found 0 plugins.
Preloading 0 native plugins for Editor in 0.00 ms.
Warning: Annotation not found!
UnityEngine.StackTraceUtility:ExtractStackTrace ()
UnityEditor.ProBuilder.EditorUtility:SetGizmoIconEnabled (System.Type,bool) (at Library/PackageCache/com.unity.probuilder@4.5.0/Editor/EditorCore/EditorUtility.cs:593)
UnityEditor.ProBuilder.HierarchyListener:.cctor () (at Library/PackageCache/com.unity.probuilder@4.5.0/Editor/EditorCore/HierarchyListener.cs:21)
System.Runtime.CompilerServices.RuntimeHelpers:RunClassConstructor (System.RuntimeTypeHandle)
UnityEditor.EditorAssemblies:ProcessInitializeOnLoadAttributes (System.Type[])

[Library/PackageCache/com.unity.probuilder@4.5.0/Editor/EditorCore/EditorUtility.cs line 593]

Invoked RoslynAnalysisRunner static constructor.
RoslynAnalysisRunner will not be running.
RoslynAnalysisRunner has terminated.
Mono: successfully reloaded assembly
- Completed reload, in  1.072 seconds
Platform modules already initialized, skipping
Refreshing native plugins compatible for Editor in 0.41 ms, found 0 plugins.
Preloading 0 native plugins for Editor in 0.00 ms.
Unloading 1814 Unused Serialized files (Serialized files now loaded: 0)
System memory in use before: 90.1 MB.
System memory in use after: 90.1 MB.

Unloading 7 unused Assets to reduce memory usage. Loaded Objects now: 2388.
Total: 3.497700 ms (FindLiveObjects: 0.351700 ms CreateObjectMapping: 0.120800 ms MarkObjects: 2.931600 ms  DeleteObjects: 0.092300 ms)

========================================================================
Received Import Request.
  Time since last request: 152.393528 seconds.
  path: Assets/Art/blood.png
  artifactKey: Guid(bdf4f10f85aea5d4abc1c6dc3d5909d4) Importer(815301076,1909f56bfc062723c751e8b465ee728b)
Start importing Assets/Art/blood.png using Guid(bdf4f10f85aea5d4abc1c6dc3d5909d4) Importer(815301076,1909f56bfc062723c751e8b465ee728b)  -> (artifact id: '494c7c463ae27494accaf544c3a0343b') in 0.067900 seconds
  Import took 0.071832 seconds .

========================================================================
Received Import Request.
  Time since last request: 0.000264 seconds.
  path: Assets/Prefabs/Health.png
  artifactKey: Guid(1b3e07af98c71514bb7732df4c2af857) Importer(815301076,1909f56bfc062723c751e8b465ee728b)
Start importing Assets/Prefabs/Health.png using Guid(1b3e07af98c71514bb7732df4c2af857) Importer(815301076,1909f56bfc062723c751e8b465ee728b)  -> (artifact id: '259c7d04ea42561f92f8ef4ac7ef4e6f') in 0.011470 seconds
  Import took 0.014688 seconds .

========================================================================
Received Import Request.
  Time since last request: 0.000287 seconds.
  path: Assets/Toon Muzzleflash Pack/Components/Spritesheets/Front/toon_muzzleflash_front_spritesheet_3.png
  artifactKey: Guid(544c96a9f753eb348915697c8636f7aa) Importer(815301076,1909f56bfc062723c751e8b465ee728b)
Start importing Assets/Toon Muzzleflash Pack/Components/Spritesheets/Front/toon_muzzleflash_front_spritesheet_3.png using Guid(544c96a9f753eb348915697c8636f7aa) Importer(815301076,1909f56bfc062723c751e8b465ee728b)  -> (artifact id: 'ac29ad0f2d62d397e32cb307ce1a88e1') in 0.034058 seconds
  Import took 0.037117 seconds .

========================================================================
Received Import Request.
  Time since last request: 0.000300 seconds.
  path: Assets/Toon Muzzleflash Pack/Components/Spritesheets/Side/toon_muzzleflash_side_spritesheet_3.png
  artifactKey: Guid(885a872883f689b4b92caa4416e8fbd9) Importer(815301076,1909f56bfc062723c751e8b465ee728b)
Start importing Assets/Toon Muzzleflash Pack/Components/Spritesheets/Side/toon_muzzleflash_side_spritesheet_3.png using Guid(885a872883f689b4b92caa4416e8fbd9) Importer(815301076,1909f56bfc062723c751e8b465ee728b)  -> (artifact id: 'b6df6b93aa4aae913e83f236dc83dd60') in 0.039667 seconds
  Import took 0.042416 seconds .

========================================================================
Received Import Request.
  Time since last request: 0.000296 seconds.
  path: Assets/Art/blood.png
  artifactKey: Guid(bdf4f10f85aea5d4abc1c6dc3d5909d4) Importer(815301076,1909f56bfc062723c751e8b465ee728b)
Start importing Assets/Art/blood.png using Guid(bdf4f10f85aea5d4abc1c6dc3d5909d4) Importer(815301076,1909f56bfc062723c751e8b465ee728b)  -> (artifact id: '494c7c463ae27494accaf544c3a0343b') in 0.014261 seconds
  Import took 0.017487 seconds .

========================================================================
Received Prepare
Registering precompiled user dll's ...
Registered in 0.001227 seconds.
Begin MonoManager ReloadAssembly
Native extension for WindowsStandalone target not found
Refreshing native plugins compatible for Editor in 0.52 ms, found 0 plugins.
Preloading 0 native plugins for Editor in 0.00 ms.
Warning: Annotation not found!
UnityEngine.StackTraceUtility:ExtractStackTrace ()
UnityEditor.ProBuilder.EditorUtility:SetGizmoIconEnabled (System.Type,bool) (at Library/PackageCache/com.unity.probuilder@4.5.0/Editor/EditorCore/EditorUtility.cs:593)
UnityEditor.ProBuilder.HierarchyListener:.cctor () (at Library/PackageCache/com.unity.probuilder@4.5.0/Editor/EditorCore/HierarchyListener.cs:21)
System.Runtime.CompilerServices.RuntimeHelpers:RunClassConstructor (System.RuntimeTypeHandle)
UnityEditor.EditorAssemblies:ProcessInitializeOnLoadAttributes (System.Type[])

[Library/PackageCache/com.unity.probuilder@4.5.0/Editor/EditorCore/EditorUtility.cs line 593]

Invoked RoslynAnalysisRunner static constructor.
RoslynAnalysisRunner will not be running.
RoslynAnalysisRunner has terminated.
Mono: successfully reloaded assembly
- Completed reload, in  1.038 seconds
Platform modules already initialized, skipping
Refreshing native plugins compatible for Editor in 0.40 ms, found 0 plugins.
Preloading 0 native plugins for Editor in 0.00 ms.
Unloading 1814 Unused Serialized files (Serialized files now loaded: 0)
System memory in use before: 90.1 MB.
System memory in use after: 90.1 MB.

Unloading 7 unused Assets to reduce memory usage. Loaded Objects now: 2396.
Total: 2.888800 ms (FindLiveObjects: 0.443400 ms CreateObjectMapping: 0.128500 ms MarkObjects: 2.232600 ms  DeleteObjects: 0.083300 ms)

========================================================================
Received Import Request.
  Time since last request: 104.144918 seconds.
  path: Assets/Animations
  artifactKey: Guid(5d7cb9293578e6e419486e9d879c42db) Importer(815301076,1909f56bfc062723c751e8b465ee728b)
Start importing Assets/Animations using Guid(5d7cb9293578e6e419486e9d879c42db) Importer(815301076,1909f56bfc062723c751e8b465ee728b)  -> (artifact id: '4b0d3b22f089bc99d514568860dab3f1') in 0.010243 seconds
  Import took 0.013409 seconds .

========================================================================
Received Import Request.
  Time since last request: 10.479759 seconds.
  path: Assets/Animations/Character.controller
  artifactKey: Guid(d574c7fa2642e874ea22b1f4060b15f0) Importer(815301076,1909f56bfc062723c751e8b465ee728b)
Start importing Assets/Animations/Character.controller using Guid(d574c7fa2642e874ea22b1f4060b15f0) Importer(815301076,1909f56bfc062723c751e8b465ee728b)  -> (artifact id: 'f71a084e1dd2cb83295c58853f288b3d') in 0.013201 seconds
  Import took 0.016532 seconds .

========================================================================
Received Prepare
Registering precompiled user dll's ...
Registered in 0.000846 seconds.
Begin MonoManager ReloadAssembly
Native extension for WindowsStandalone target not found
Refreshing native plugins compatible for Editor in 0.41 ms, found 0 plugins.
Preloading 0 native plugins for Editor in 0.00 ms.
Warning: Annotation not found!
UnityEngine.StackTraceUtility:ExtractStackTrace ()
UnityEditor.ProBuilder.EditorUtility:SetGizmoIconEnabled (System.Type,bool) (at Library/PackageCache/com.unity.probuilder@4.5.0/Editor/EditorCore/EditorUtility.cs:593)
UnityEditor.ProBuilder.HierarchyListener:.cctor () (at Library/PackageCache/com.unity.probuilder@4.5.0/Editor/EditorCore/HierarchyListener.cs:21)
System.Runtime.CompilerServices.RuntimeHelpers:RunClassConstructor (System.RuntimeTypeHandle)
UnityEditor.EditorAssemblies:ProcessInitializeOnLoadAttributes (System.Type[])

[Library/PackageCache/com.unity.probuilder@4.5.0/Editor/EditorCore/EditorUtility.cs line 593]

Invoked RoslynAnalysisRunner static constructor.
RoslynAnalysisRunner will not be running.
RoslynAnalysisRunner has terminated.
Mono: successfully reloaded assembly
- Completed reload, in  0.885 seconds
Platform modules already initialized, skipping
Refreshing native plugins compatible for Editor in 0.33 ms, found 0 plugins.
Preloading 0 native plugins for Editor in 0.00 ms.
Unloading 1814 Unused Serialized files (Serialized files now loaded: 0)
System memory in use before: 90.1 MB.
System memory in use after: 90.1 MB.

Unloading 7 unused Assets to reduce memory usage. Loaded Objects now: 2399.
Total: 7.302300 ms (FindLiveObjects: 0.494100 ms CreateObjectMapping: 0.233400 ms MarkObjects: 6.377700 ms  DeleteObjects: 0.194800 ms)

